2024-06-09T13:52:49.853+03:00  INFO 28708 --- [ResourceServer_AGSR_TestTask] [Test worker] c.e.r.ResourceServerApplicationTests     : Starting ResourceServerApplicationTests using Java 21.0.1 with PID 28708 (started by RedmiBook in D:\JavaDevelop\Projects\AGSRTestTaskTest2\resource_server)
2024-06-09T13:52:49.864+03:00  INFO 28708 --- [ResourceServer_AGSR_TestTask] [Test worker] c.e.r.ResourceServerApplicationTests     : No active profile set, falling back to 1 default profile: "default"
2024-06-09T13:52:50.938+03:00  INFO 28708 --- [ResourceServer_AGSR_TestTask] [Test worker] .s.d.r.c.RepositoryConfigurationDelegate : Bootstrapping Spring Data JPA repositories in DEFAULT mode.
2024-06-09T13:52:50.989+03:00  INFO 28708 --- [ResourceServer_AGSR_TestTask] [Test worker] .s.d.r.c.RepositoryConfigurationDelegate : Finished Spring Data repository scanning in 43 ms. Found 1 JPA repository interface.
2024-06-09T13:52:52.068+03:00  INFO 28708 --- [ResourceServer_AGSR_TestTask] [Test worker] com.zaxxer.hikari.HikariDataSource       : HikariPool-1 - Starting...
2024-06-09T13:52:52.448+03:00  INFO 28708 --- [ResourceServer_AGSR_TestTask] [Test worker] com.zaxxer.hikari.pool.HikariPool        : HikariPool-1 - Added connection org.postgresql.jdbc.PgConnection@71eff6a3
2024-06-09T13:52:52.451+03:00  INFO 28708 --- [ResourceServer_AGSR_TestTask] [Test worker] com.zaxxer.hikari.HikariDataSource       : HikariPool-1 - Start completed.
2024-06-09T13:52:52.543+03:00  INFO 28708 --- [ResourceServer_AGSR_TestTask] [Test worker] n.l.s.preliquibase.PreLiquibase          : PreLiquibase: Executing SQL script : class path resource [db/preliquibase/create_schema.sql]
2024-06-09T13:52:53.022+03:00  INFO 28708 --- [ResourceServer_AGSR_TestTask] [Test worker] liquibase.changelog                      : Reading from res_sch.databasechangelog
2024-06-09T13:52:53.049+03:00  INFO 28708 --- [ResourceServer_AGSR_TestTask] [Test worker] liquibase.ui                             : Database is up to date, no changesets to execute
2024-06-09T13:52:53.051+03:00  INFO 28708 --- [ResourceServer_AGSR_TestTask] [Test worker] liquibase.changelog                      : Reading from res_sch.databasechangelog
2024-06-09T13:52:53.059+03:00  INFO 28708 --- [ResourceServer_AGSR_TestTask] [Test worker] liquibase.util                           : UPDATE SUMMARY
2024-06-09T13:52:53.060+03:00  INFO 28708 --- [ResourceServer_AGSR_TestTask] [Test worker] liquibase.util                           : Run:                          0
2024-06-09T13:52:53.060+03:00  INFO 28708 --- [ResourceServer_AGSR_TestTask] [Test worker] liquibase.util                           : Previously run:               2
2024-06-09T13:52:53.060+03:00  INFO 28708 --- [ResourceServer_AGSR_TestTask] [Test worker] liquibase.util                           : Filtered out:                 0
2024-06-09T13:52:53.061+03:00  INFO 28708 --- [ResourceServer_AGSR_TestTask] [Test worker] liquibase.util                           : -------------------------------
2024-06-09T13:52:53.061+03:00  INFO 28708 --- [ResourceServer_AGSR_TestTask] [Test worker] liquibase.util                           : Total change sets:            2
2024-06-09T13:52:53.061+03:00  INFO 28708 --- [ResourceServer_AGSR_TestTask] [Test worker] liquibase.util                           : Update summary generated
2024-06-09T13:52:53.084+03:00  INFO 28708 --- [ResourceServer_AGSR_TestTask] [Test worker] liquibase.lockservice                    : Successfully released change log lock
2024-06-09T13:52:53.086+03:00  INFO 28708 --- [ResourceServer_AGSR_TestTask] [Test worker] liquibase.command                        : Command execution complete
2024-06-09T13:52:53.270+03:00  INFO 28708 --- [ResourceServer_AGSR_TestTask] [Test worker] o.hibernate.jpa.internal.util.LogHelper  : HHH000204: Processing PersistenceUnitInfo [name: default]
2024-06-09T13:52:53.349+03:00  INFO 28708 --- [ResourceServer_AGSR_TestTask] [Test worker] org.hibernate.Version                    : HHH000412: Hibernate ORM core version 6.5.2.Final
2024-06-09T13:52:53.384+03:00  INFO 28708 --- [ResourceServer_AGSR_TestTask] [Test worker] o.h.c.internal.RegionFactoryInitiator    : HHH000026: Second-level cache disabled
2024-06-09T13:52:53.657+03:00  INFO 28708 --- [ResourceServer_AGSR_TestTask] [Test worker] o.s.o.j.p.SpringPersistenceUnitInfo      : No LoadTimeWeaver setup: ignoring JPA class transformer
2024-06-09T13:52:54.441+03:00  INFO 28708 --- [ResourceServer_AGSR_TestTask] [Test worker] o.h.e.t.j.p.i.JtaPlatformInitiator       : HHH000489: No JTA platform available (set 'hibernate.transaction.jta.platform' to enable JTA platform integration)
2024-06-09T13:52:54.477+03:00  INFO 28708 --- [ResourceServer_AGSR_TestTask] [Test worker] j.LocalContainerEntityManagerFactoryBean : Initialized JPA EntityManagerFactory for persistence unit 'default'
2024-06-09T13:52:55.270+03:00  INFO 28708 --- [ResourceServer_AGSR_TestTask] [Test worker] o.s.b.a.e.web.EndpointLinksResolver      : Exposing 2 endpoints beneath base path '/actuator'
2024-06-09T13:52:55.355+03:00  WARN 28708 --- [ResourceServer_AGSR_TestTask] [Test worker] JpaBaseConfiguration$JpaWebConfiguration : spring.jpa.open-in-view is enabled by default. Therefore, database queries may be performed during view rendering. Explicitly configure spring.jpa.open-in-view to disable this warning
2024-06-09T13:52:55.570+03:00 TRACE 28708 --- [ResourceServer_AGSR_TestTask] [Test worker] eGlobalAuthenticationAutowiredConfigurer : Eagerly initializing {org.springframework.boot.autoconfigure.security.servlet.SpringBootWebSecurityConfiguration$WebSecurityEnablerConfiguration=org.springframework.boot.autoconfigure.security.servlet.SpringBootWebSecurityConfiguration$WebSecurityEnablerConfiguration@4f06006d}
2024-06-09T13:52:55.574+03:00 DEBUG 28708 --- [ResourceServer_AGSR_TestTask] [Test worker] swordEncoderAuthenticationManagerBuilder : No authenticationProviders and no parentAuthenticationManager defined. Returning null.
2024-06-09T13:52:56.991+03:00  INFO 28708 --- [ResourceServer_AGSR_TestTask] [Test worker] o.s.s.web.DefaultSecurityFilterChain     : Will secure any request with [org.springframework.security.web.session.DisableEncodeUrlFilter@4b33b5b0, org.springframework.security.web.context.request.async.WebAsyncManagerIntegrationFilter@ed37f28, org.springframework.security.web.context.SecurityContextHolderFilter@720bf74d, org.springframework.security.web.header.HeaderWriterFilter@1b74dd88, org.springframework.web.filter.CorsFilter@f53070c, org.springframework.security.web.csrf.CsrfFilter@5961fad1, org.springframework.security.web.authentication.logout.LogoutFilter@1be551ec, org.springframework.security.oauth2.server.resource.web.authentication.BearerTokenAuthenticationFilter@6233bca8, org.springframework.security.web.savedrequest.RequestCacheAwareFilter@21c301ab, org.springframework.security.web.servletapi.SecurityContextHolderAwareRequestFilter@2bfe51d5, org.springframework.security.web.authentication.AnonymousAuthenticationFilter@6fe2f6a0, org.springframework.security.web.access.ExceptionTranslationFilter@1f94df5, org.springframework.security.web.access.intercept.AuthorizationFilter@66cb7a21]
2024-06-09T13:52:57.812+03:00  INFO 28708 --- [ResourceServer_AGSR_TestTask] [Test worker] c.e.r.ResourceServerApplicationTests     : Started ResourceServerApplicationTests in 8.239 seconds (process running for 11.236)
2024-06-09T13:52:58.398+03:00  INFO 28708 --- [ResourceServer_AGSR_TestTask] [SpringApplicationShutdownHook] j.LocalContainerEntityManagerFactoryBean : Closing JPA EntityManagerFactory for persistence unit 'default'
2024-06-09T13:52:58.400+03:00  INFO 28708 --- [ResourceServer_AGSR_TestTask] [SpringApplicationShutdownHook] com.zaxxer.hikari.HikariDataSource       : HikariPool-1 - Shutdown initiated...
2024-06-09T13:52:58.406+03:00  INFO 28708 --- [ResourceServer_AGSR_TestTask] [SpringApplicationShutdownHook] com.zaxxer.hikari.HikariDataSource       : HikariPool-1 - Shutdown completed.
2024-06-09T13:53:24.286+03:00  INFO 28004 --- [ResourceServer_AGSR_TestTask] [Test worker] c.e.r.ResourceServerApplicationTests     : Starting ResourceServerApplicationTests using Java 21.0.1 with PID 28004 (started by RedmiBook in D:\JavaDevelop\Projects\AGSRTestTaskTest2\resource_server)
2024-06-09T13:53:24.288+03:00  INFO 28004 --- [ResourceServer_AGSR_TestTask] [Test worker] c.e.r.ResourceServerApplicationTests     : No active profile set, falling back to 1 default profile: "default"
2024-06-09T13:53:25.998+03:00  INFO 28004 --- [ResourceServer_AGSR_TestTask] [Test worker] .s.d.r.c.RepositoryConfigurationDelegate : Bootstrapping Spring Data JPA repositories in DEFAULT mode.
2024-06-09T13:53:26.066+03:00  INFO 28004 --- [ResourceServer_AGSR_TestTask] [Test worker] .s.d.r.c.RepositoryConfigurationDelegate : Finished Spring Data repository scanning in 58 ms. Found 1 JPA repository interface.
2024-06-09T13:53:27.346+03:00  INFO 28004 --- [ResourceServer_AGSR_TestTask] [Test worker] com.zaxxer.hikari.HikariDataSource       : HikariPool-1 - Starting...
2024-06-09T13:53:27.602+03:00  INFO 28004 --- [ResourceServer_AGSR_TestTask] [Test worker] com.zaxxer.hikari.pool.HikariPool        : HikariPool-1 - Added connection org.postgresql.jdbc.PgConnection@e18d2a2
2024-06-09T13:53:27.605+03:00  INFO 28004 --- [ResourceServer_AGSR_TestTask] [Test worker] com.zaxxer.hikari.HikariDataSource       : HikariPool-1 - Start completed.
2024-06-09T13:53:27.711+03:00  INFO 28004 --- [ResourceServer_AGSR_TestTask] [Test worker] n.l.s.preliquibase.PreLiquibase          : PreLiquibase: Executing SQL script : class path resource [db/preliquibase/create_schema.sql]
2024-06-09T13:53:28.319+03:00  INFO 28004 --- [ResourceServer_AGSR_TestTask] [Test worker] liquibase.changelog                      : Reading from res_sch.databasechangelog
2024-06-09T13:53:28.358+03:00  INFO 28004 --- [ResourceServer_AGSR_TestTask] [Test worker] liquibase.ui                             : Database is up to date, no changesets to execute
2024-06-09T13:53:28.360+03:00  INFO 28004 --- [ResourceServer_AGSR_TestTask] [Test worker] liquibase.changelog                      : Reading from res_sch.databasechangelog
2024-06-09T13:53:28.377+03:00  INFO 28004 --- [ResourceServer_AGSR_TestTask] [Test worker] liquibase.util                           : UPDATE SUMMARY
2024-06-09T13:53:28.378+03:00  INFO 28004 --- [ResourceServer_AGSR_TestTask] [Test worker] liquibase.util                           : Run:                          0
2024-06-09T13:53:28.378+03:00  INFO 28004 --- [ResourceServer_AGSR_TestTask] [Test worker] liquibase.util                           : Previously run:               2
2024-06-09T13:53:28.378+03:00  INFO 28004 --- [ResourceServer_AGSR_TestTask] [Test worker] liquibase.util                           : Filtered out:                 0
2024-06-09T13:53:28.378+03:00  INFO 28004 --- [ResourceServer_AGSR_TestTask] [Test worker] liquibase.util                           : -------------------------------
2024-06-09T13:53:28.378+03:00  INFO 28004 --- [ResourceServer_AGSR_TestTask] [Test worker] liquibase.util                           : Total change sets:            2
2024-06-09T13:53:28.379+03:00  INFO 28004 --- [ResourceServer_AGSR_TestTask] [Test worker] liquibase.util                           : Update summary generated
2024-06-09T13:53:28.409+03:00  INFO 28004 --- [ResourceServer_AGSR_TestTask] [Test worker] liquibase.lockservice                    : Successfully released change log lock
2024-06-09T13:53:28.411+03:00  INFO 28004 --- [ResourceServer_AGSR_TestTask] [Test worker] liquibase.command                        : Command execution complete
2024-06-09T13:53:28.570+03:00  INFO 28004 --- [ResourceServer_AGSR_TestTask] [Test worker] o.hibernate.jpa.internal.util.LogHelper  : HHH000204: Processing PersistenceUnitInfo [name: default]
2024-06-09T13:53:28.673+03:00  INFO 28004 --- [ResourceServer_AGSR_TestTask] [Test worker] org.hibernate.Version                    : HHH000412: Hibernate ORM core version 6.5.2.Final
2024-06-09T13:53:28.724+03:00  INFO 28004 --- [ResourceServer_AGSR_TestTask] [Test worker] o.h.c.internal.RegionFactoryInitiator    : HHH000026: Second-level cache disabled
2024-06-09T13:53:29.106+03:00  INFO 28004 --- [ResourceServer_AGSR_TestTask] [Test worker] o.s.o.j.p.SpringPersistenceUnitInfo      : No LoadTimeWeaver setup: ignoring JPA class transformer
2024-06-09T13:53:30.271+03:00  INFO 28004 --- [ResourceServer_AGSR_TestTask] [Test worker] o.h.e.t.j.p.i.JtaPlatformInitiator       : HHH000489: No JTA platform available (set 'hibernate.transaction.jta.platform' to enable JTA platform integration)
2024-06-09T13:53:30.322+03:00  INFO 28004 --- [ResourceServer_AGSR_TestTask] [Test worker] j.LocalContainerEntityManagerFactoryBean : Initialized JPA EntityManagerFactory for persistence unit 'default'
2024-06-09T13:53:31.289+03:00  INFO 28004 --- [ResourceServer_AGSR_TestTask] [Test worker] o.s.b.a.e.web.EndpointLinksResolver      : Exposing 2 endpoints beneath base path '/actuator'
2024-06-09T13:53:31.399+03:00  WARN 28004 --- [ResourceServer_AGSR_TestTask] [Test worker] JpaBaseConfiguration$JpaWebConfiguration : spring.jpa.open-in-view is enabled by default. Therefore, database queries may be performed during view rendering. Explicitly configure spring.jpa.open-in-view to disable this warning
2024-06-09T13:53:31.644+03:00 TRACE 28004 --- [ResourceServer_AGSR_TestTask] [Test worker] eGlobalAuthenticationAutowiredConfigurer : Eagerly initializing {org.springframework.boot.autoconfigure.security.servlet.SpringBootWebSecurityConfiguration$WebSecurityEnablerConfiguration=org.springframework.boot.autoconfigure.security.servlet.SpringBootWebSecurityConfiguration$WebSecurityEnablerConfiguration@349c9bfa}
2024-06-09T13:53:31.649+03:00 DEBUG 28004 --- [ResourceServer_AGSR_TestTask] [Test worker] swordEncoderAuthenticationManagerBuilder : No authenticationProviders and no parentAuthenticationManager defined. Returning null.
2024-06-09T13:53:33.111+03:00  INFO 28004 --- [ResourceServer_AGSR_TestTask] [Test worker] o.s.s.web.DefaultSecurityFilterChain     : Will secure any request with [org.springframework.security.web.session.DisableEncodeUrlFilter@79aab764, org.springframework.security.web.context.request.async.WebAsyncManagerIntegrationFilter@7790a6fb, org.springframework.security.web.context.SecurityContextHolderFilter@6b27363b, org.springframework.security.web.header.HeaderWriterFilter@5de6a9b9, org.springframework.web.filter.CorsFilter@6df06d21, org.springframework.security.web.csrf.CsrfFilter@7668b4ff, org.springframework.security.web.authentication.logout.LogoutFilter@633a6f00, org.springframework.security.oauth2.server.resource.web.authentication.BearerTokenAuthenticationFilter@328f46f9, org.springframework.security.web.savedrequest.RequestCacheAwareFilter@4dd94931, org.springframework.security.web.servletapi.SecurityContextHolderAwareRequestFilter@1b27c0d5, org.springframework.security.web.authentication.AnonymousAuthenticationFilter@876c4f0, org.springframework.security.web.access.ExceptionTranslationFilter@57c4d33a, org.springframework.security.web.access.intercept.AuthorizationFilter@194ef183]
2024-06-09T13:53:34.016+03:00  INFO 28004 --- [ResourceServer_AGSR_TestTask] [Test worker] c.e.r.ResourceServerApplicationTests     : Started ResourceServerApplicationTests in 10.31 seconds (process running for 12.45)
2024-06-09T13:53:34.533+03:00  INFO 28004 --- [ResourceServer_AGSR_TestTask] [SpringApplicationShutdownHook] j.LocalContainerEntityManagerFactoryBean : Closing JPA EntityManagerFactory for persistence unit 'default'
2024-06-09T13:53:34.535+03:00  INFO 28004 --- [ResourceServer_AGSR_TestTask] [SpringApplicationShutdownHook] com.zaxxer.hikari.HikariDataSource       : HikariPool-1 - Shutdown initiated...
2024-06-09T13:53:34.542+03:00  INFO 28004 --- [ResourceServer_AGSR_TestTask] [SpringApplicationShutdownHook] com.zaxxer.hikari.HikariDataSource       : HikariPool-1 - Shutdown completed.
